<?xml version="1.0" encoding="utf-8"?>
<shfbBuild product="Sandcastle Help File Builder" version="2014.2.15.0 Beta" projectFile="C:\Users\snowdaily\Documents\Visual Studio 2012\Projects\WebSite1\Cap.shfbproj" started="2014/4/17 上午 11:59:10">
<buildStep step="Initializing">
Finding tools...
The Sandcastle tools are located in &#39;C:\Program Files (x86)\EWSoftware\Sandcastle Help File Builder\&#39;
Searching for HTML Help 1 compiler...
Found HTML Help 1 compiler in &#39;C:\Program Files (x86)\HTML Help Workshop\&#39;
Locating components...
Using presentation style &#39;VS2010&#39; located in &#39;C:\Program Files (x86)\EWSoftware\Sandcastle Help File Builder\PresentationStyles\VS2010&#39;
</buildStep>
<buildStep step="ValidatingDocumentationSources">
Validating and copying documentation source information
Source: C:\Users\snowdaily\Documents\Visual Studio 2012\Projects\WebSite1\WebSite1(1).sln
    Found project &#39;C:\Users\snowdaily\Documents\Visual Studio 2012\Projects\WebSite1\CapDocument\CapDocument.csproj&#39;

Parsing project files
    Found assembly &#39;C:\Users\snowdaily\Documents\Visual Studio 2012\Projects\WebSite1\CapDocument\bin\Debug\CapDocument.dll&#39;
SHFB: Warning BE0007: A project with a different or higher framework version was found.  Changing project FrameworkVersion property from &#39;.NET Framework 4.0&#39; to &#39;.NET Framework 4.5&#39; for the build.

References to include (excluding framework assemblies):
    Newtonsoft.Json

Copying XML comments files
    C:\Users\snowdaily\Documents\Visual Studio 2012\Projects\WebSite1\CapDocument\bin\Debug\CapDocument.XML -&gt; C:\Users\snowdaily\Documents\Visual Studio 2012\Projects\WebSite1\Help\Working\CapDocument.XML
</buildStep>
<buildStep step="GenerateSharedContent">
Generating shared content files (en-US, 英文 (美國))...
    Last step completed in 00:00:00.0590
</buildStep>
<buildStep step="GenerateApiFilter">
Generating API filter for MRefBuilder...
    Last step completed in 00:00:00.0090
</buildStep>
<buildStep step="GenerateReflectionInfo">
Generating reflection information...
[c:\Windows\Microsoft.NET\Framework64\v4.0.30319\MSBuild.exe]
已經開始建置於 2014/4/17 上午 11:59:12。
節點 1 (預設目標) 上的專案 &quot;C:\Users\snowdaily\Documents\Visual Studio 2012\Projects\WebSite1\Help\Working\GenerateRefInfo.proj&quot;。
PrepareForBuild:
  正在建立目錄 &quot;obj\Debug\&quot;。
GenerateRefInfo:
  MRefBuilder (v2014.1.26.0)
  Copyright c 2006-2014, Microsoft Corporation, All Rights Reserved.
  Portions Copyright c 2006-2014, Eric Woodruff, All Rights Reserved.
  Loaded 1 assemblies for reflection and 2 dependency assemblies.
  Wrote information on 1 namespaces, 13 types, and 103 members
  正在將檔案從 &quot;reflection.org&quot; 複製到 &quot;reflection.all&quot;。
  XslTransform (v2014.1.26.0)
  Copyright c 2006-2014, Microsoft Corporation, All Rights Reserved.
  Portions Copyright c 2006-2014, Eric Woodruff, All Rights Reserved.
  Applying XSL transformation &#39;C:\Program Files (x86)\EWSoftware\Sandcastle Help File Builder\ProductionTransforms\MergeDuplicates.xsl&#39;.
專案 &quot;C:\Users\snowdaily\Documents\Visual Studio 2012\Projects\WebSite1\Help\Working\GenerateRefInfo.proj&quot; (預設目標) 建置完成。

建置成功。

經過時間 00:00:01.65
    Last step completed in 00:00:01.8051
</buildStep>
<buildStep step="TransformReflectionInfo">
Transforming reflection output...
[c:\Windows\Microsoft.NET\Framework64\v4.0.30319\MSBuild.exe]
已經開始建置於 2014/4/17 上午 11:59:14。
節點 1 (預設目標) 上的專案 &quot;C:\Users\snowdaily\Documents\Visual Studio 2012\Projects\WebSite1\Help\Working\TransformManifest.proj&quot;。
TransformManifest:
  XslTransform (v2014.1.26.0)
  Copyright c 2006-2014, Microsoft Corporation, All Rights Reserved.
  Portions Copyright c 2006-2014, Eric Woodruff, All Rights Reserved.
  Applying XSL transformation &#39;C:\Program Files (x86)\EWSoftware\Sandcastle Help File Builder\\ProductionTransforms\ApplyVSDocModel.xsl&#39;.
  正在將檔案從 &quot;reflection.xml&quot; 複製到 &quot;reflection.nofilenames&quot;。
  XslTransform (v2014.1.26.0)
  Copyright c 2006-2014, Microsoft Corporation, All Rights Reserved.
  Portions Copyright c 2006-2014, Eric Woodruff, All Rights Reserved.
  Applying XSL transformation &#39;C:\Program Files (x86)\EWSoftware\Sandcastle Help File Builder\ProductionTransforms\AddFilenames.xsl&#39;.
  XslTransform (v2014.1.26.0)
  Copyright c 2006-2014, Microsoft Corporation, All Rights Reserved.
  Portions Copyright c 2006-2014, Eric Woodruff, All Rights Reserved.
  Applying XSL transformation &#39;C:\Program Files (x86)\EWSoftware\Sandcastle Help File Builder\ProductionTransforms\ReflectionToManifest.xsl&#39;.
專案 &quot;C:\Users\snowdaily\Documents\Visual Studio 2012\Projects\WebSite1\Help\Working\TransformManifest.proj&quot; (預設目標) 建置完成。

建置成功。

經過時間 00:00:00.65
    Last step completed in 00:00:00.7230
</buildStep>
<buildStep step="GenerateNamespaceSummaries">
Generating namespace summary information...
    Last step completed in 00:00:00.0560
</buildStep>
<buildStep step="CopyAdditionalContent">
Copying additional content files...
No additional content to copy
    Last step completed in 00:00:00.0090
</buildStep>
<buildStep step="MergeTablesOfContents">
Merging conceptual and additional tables of contents...
    Last step completed in 00:00:00.0020
</buildStep>
<buildStep step="GenerateIntermediateTableOfContents">
Generating intermediate table of contents file...
[c:\Windows\Microsoft.NET\Framework64\v4.0.30319\MSBuild.exe]
已經開始建置於 2014/4/17 上午 11:59:15。
節點 1 (預設目標) 上的專案 &quot;C:\Users\snowdaily\Documents\Visual Studio 2012\Projects\WebSite1\Help\Working\GenerateIntermediateTOC.proj&quot;。
GenerateIntermediateTOC:
  XslTransform (v2014.1.26.0)
  Copyright c 2006-2014, Microsoft Corporation, All Rights Reserved.
  Portions Copyright c 2006-2014, Eric Woodruff, All Rights Reserved.
  Applying XSL transformation &#39;C:\Program Files (x86)\EWSoftware\Sandcastle Help File Builder\\ProductionTransforms\CreateVSToc.xsl&#39;.
專案 &quot;C:\Users\snowdaily\Documents\Visual Studio 2012\Projects\WebSite1\Help\Working\GenerateIntermediateTOC.proj&quot; (預設目標) 建置完成。

建置成功。

經過時間 00:00:00.17
Generating conceptual content intermediate TOC file...
    Last step completed in 00:00:00.2420
</buildStep>
<buildStep step="CreateBuildAssemblerConfigs">
Creating Sandcastle configuration files...
    sandcastle.config
    Last step completed in 00:00:00.1540
</buildStep>
<buildStep step="MergeCustomConfigs">
Merging custom build component configurations
C:\Users\snowdaily\Documents\Visual Studio 2012\Projects\WebSite1\Help\Working\sandcastle.config
    Last step completed in 00:00:00.0260
</buildStep>
<buildStep step="BuildReferenceTopics">
Building reference help topics...
[c:\Windows\Microsoft.NET\Framework64\v4.0.30319\MSBuild.exe]
已經開始建置於 2014/4/17 上午 11:59:15。
節點 1 (預設目標) 上的專案 &quot;C:\Users\snowdaily\Documents\Visual Studio 2012\Projects\WebSite1\Help\Working\BuildReferenceTopics.proj&quot;。
BuildReferenceTopics:
  BuildAssembler (v2014.1.26.0)
  Copyright c 2006-2014, Microsoft Corporation, All Rights Reserved.
  Portions Copyright c 2006-2014, Eric Woodruff, All Rights Reserved.
  Loading configuration...
  Processing topics...
  Processed 111 topic(s)
  CopyFromIndexComponent: &quot;reflection&quot; in-memory cache entries used: 4 of 15.
  CopyFromIndexComponent: &quot;comments&quot; in-memory cache entries used: 2 of 30.
專案 &quot;C:\Users\snowdaily\Documents\Visual Studio 2012\Projects\WebSite1\Help\Working\BuildReferenceTopics.proj&quot; (預設目標) 建置完成。

建置成功。

經過時間 00:01:12.64
    Last step completed in 00:01:12.7522
</buildStep>
<buildStep step="CombiningIntermediateTocFiles">
Combining conceptual and API intermediate TOC files...

Clearing any prior web output
    Last step completed in 00:00:00.5230
</buildStep>
<buildStep step="ExtractingHtmlInfo">
Extracting HTML info for HTML Help 1 and/or website...
[c:\Windows\Microsoft.NET\Framework64\v4.0.30319\MSBuild.exe]
Sandcastle Help File Builder, version 2014.2.15.0 Beta
Copyright c 2006-2014, Eric Woodruff, All Rights Reserved
E-Mail: Eric@EWoodruff.us

Using LCID &#39;1033&#39;, code page &#39;65001&#39;, encoding charset &#39;UTF-8&#39;.

Processing Help 1 files in C:\Users\snowdaily\Documents\Visual Studio 2012\Projects\WebSite1\Help\Working\Output\HtmlHelp1
Processed 111 HTML files
Sorting keywords and generating See Also indices
Saving HTML Help 1 keyword index to C:\Users\snowdaily\Documents\Visual Studio 2012\Projects\WebSite1\Help\Working\Documentation.hhk
Saving HTML Help 1 table of contents to C:\Users\snowdaily\Documents\Visual Studio 2012\Projects\WebSite1\Help\Working\Documentation.hhc

Processing website files in C:\Users\snowdaily\Documents\Visual Studio 2012\Projects\WebSite1\Help\Working\Output\Website
Processed 111 HTML files
Sorting keywords and generating See Also indices
Saving website keyword index to C:\Users\snowdaily\Documents\Visual Studio 2012\Projects\WebSite1\Help\Working\WebKI.xml
Saving website table of contents to C:\Users\snowdaily\Documents\Visual Studio 2012\Projects\WebSite1\Help\Working\WebTOC.xml
    Last step completed in 00:00:00.5020
</buildStep>
<buildStep step="CopyStandardHelpContent">
Copying standard help content...
C:\Program Files (x86)\EWSoftware\Sandcastle Help File Builder\PresentationStyles\VS2010\icons\1_404_bullet.gif -&gt; C:\Users\snowdaily\Documents\Visual Studio 2012\Projects\WebSite1\Help\Working\Output\HtmlHelp1\icons\1_404_bullet.gif
C:\Program Files (x86)\EWSoftware\Sandcastle Help File Builder\PresentationStyles\VS2010\icons\2_404_bullet.gif -&gt; C:\Users\snowdaily\Documents\Visual Studio 2012\Projects\WebSite1\Help\Working\Output\HtmlHelp1\icons\2_404_bullet.gif
C:\Program Files (x86)\EWSoftware\Sandcastle Help File Builder\PresentationStyles\VS2010\icons\alert_caution.gif -&gt; C:\Users\snowdaily\Documents\Visual Studio 2012\Projects\WebSite1\Help\Working\Output\HtmlHelp1\icons\alert_caution.gif
C:\Program Files (x86)\EWSoftware\Sandcastle Help File Builder\PresentationStyles\VS2010\icons\alert_note.gif -&gt; C:\Users\snowdaily\Documents\Visual Studio 2012\Projects\WebSite1\Help\Working\Output\HtmlHelp1\icons\alert_note.gif
C:\Program Files (x86)\EWSoftware\Sandcastle Help File Builder\PresentationStyles\VS2010\icons\alert_security.gif -&gt; C:\Users\snowdaily\Documents\Visual Studio 2012\Projects\WebSite1\Help\Working\Output\HtmlHelp1\icons\alert_security.gif
C:\Program Files (x86)\EWSoftware\Sandcastle Help File Builder\PresentationStyles\VS2010\icons\CFW.gif -&gt; C:\Users\snowdaily\Documents\Visual Studio 2012\Projects\WebSite1\Help\Working\Output\HtmlHelp1\icons\CFW.gif
C:\Program Files (x86)\EWSoftware\Sandcastle Help File Builder\PresentationStyles\VS2010\icons\close.gif -&gt; C:\Users\snowdaily\Documents\Visual Studio 2012\Projects\WebSite1\Help\Working\Output\HtmlHelp1\icons\close.gif
C:\Program Files (x86)\EWSoftware\Sandcastle Help File Builder\PresentationStyles\VS2010\icons\favicon.ico -&gt; C:\Users\snowdaily\Documents\Visual Studio 2012\Projects\WebSite1\Help\Working\Output\HtmlHelp1\icons\favicon.ico
C:\Program Files (x86)\EWSoftware\Sandcastle Help File Builder\PresentationStyles\VS2010\icons\footer_slice.gif -&gt; C:\Users\snowdaily\Documents\Visual Studio 2012\Projects\WebSite1\Help\Working\Output\HtmlHelp1\icons\footer_slice.gif
C:\Program Files (x86)\EWSoftware\Sandcastle Help File Builder\PresentationStyles\VS2010\icons\info_icon.gif -&gt; C:\Users\snowdaily\Documents\Visual Studio 2012\Projects\WebSite1\Help\Working\Output\HtmlHelp1\icons\info_icon.gif
C:\Program Files (x86)\EWSoftware\Sandcastle Help File Builder\PresentationStyles\VS2010\icons\note.gif -&gt; C:\Users\snowdaily\Documents\Visual Studio 2012\Projects\WebSite1\Help\Working\Output\HtmlHelp1\icons\note.gif
C:\Program Files (x86)\EWSoftware\Sandcastle Help File Builder\PresentationStyles\VS2010\icons\online_icon.gif -&gt; C:\Users\snowdaily\Documents\Visual Studio 2012\Projects\WebSite1\Help\Working\Output\HtmlHelp1\icons\online_icon.gif
C:\Program Files (x86)\EWSoftware\Sandcastle Help File Builder\PresentationStyles\VS2010\icons\open.gif -&gt; C:\Users\snowdaily\Documents\Visual Studio 2012\Projects\WebSite1\Help\Working\Output\HtmlHelp1\icons\open.gif
C:\Program Files (x86)\EWSoftware\Sandcastle Help File Builder\PresentationStyles\VS2010\icons\pencil.GIF -&gt; C:\Users\snowdaily\Documents\Visual Studio 2012\Projects\WebSite1\Help\Working\Output\HtmlHelp1\icons\pencil.GIF
C:\Program Files (x86)\EWSoftware\Sandcastle Help File Builder\PresentationStyles\VS2010\icons\privclass.gif -&gt; C:\Users\snowdaily\Documents\Visual Studio 2012\Projects\WebSite1\Help\Working\Output\HtmlHelp1\icons\privclass.gif
C:\Program Files (x86)\EWSoftware\Sandcastle Help File Builder\PresentationStyles\VS2010\icons\privdelegate.gif -&gt; C:\Users\snowdaily\Documents\Visual Studio 2012\Projects\WebSite1\Help\Working\Output\HtmlHelp1\icons\privdelegate.gif
C:\Program Files (x86)\EWSoftware\Sandcastle Help File Builder\PresentationStyles\VS2010\icons\privenumeration.gif -&gt; C:\Users\snowdaily\Documents\Visual Studio 2012\Projects\WebSite1\Help\Working\Output\HtmlHelp1\icons\privenumeration.gif
C:\Program Files (x86)\EWSoftware\Sandcastle Help File Builder\PresentationStyles\VS2010\icons\privevent.gif -&gt; C:\Users\snowdaily\Documents\Visual Studio 2012\Projects\WebSite1\Help\Working\Output\HtmlHelp1\icons\privevent.gif
C:\Program Files (x86)\EWSoftware\Sandcastle Help File Builder\PresentationStyles\VS2010\icons\privextension.gif -&gt; C:\Users\snowdaily\Documents\Visual Studio 2012\Projects\WebSite1\Help\Working\Output\HtmlHelp1\icons\privextension.gif
C:\Program Files (x86)\EWSoftware\Sandcastle Help File Builder\PresentationStyles\VS2010\icons\privfield.gif -&gt; C:\Users\snowdaily\Documents\Visual Studio 2012\Projects\WebSite1\Help\Working\Output\HtmlHelp1\icons\privfield.gif
C:\Program Files (x86)\EWSoftware\Sandcastle Help File Builder\PresentationStyles\VS2010\icons\privinterface.gif -&gt; C:\Users\snowdaily\Documents\Visual Studio 2012\Projects\WebSite1\Help\Working\Output\HtmlHelp1\icons\privinterface.gif
C:\Program Files (x86)\EWSoftware\Sandcastle Help File Builder\PresentationStyles\VS2010\icons\privmethod.gif -&gt; C:\Users\snowdaily\Documents\Visual Studio 2012\Projects\WebSite1\Help\Working\Output\HtmlHelp1\icons\privmethod.gif
C:\Program Files (x86)\EWSoftware\Sandcastle Help File Builder\PresentationStyles\VS2010\icons\privproperty.gif -&gt; C:\Users\snowdaily\Documents\Visual Studio 2012\Projects\WebSite1\Help\Working\Output\HtmlHelp1\icons\privproperty.gif
C:\Program Files (x86)\EWSoftware\Sandcastle Help File Builder\PresentationStyles\VS2010\icons\privstructure.gif -&gt; C:\Users\snowdaily\Documents\Visual Studio 2012\Projects\WebSite1\Help\Working\Output\HtmlHelp1\icons\privstructure.gif
C:\Program Files (x86)\EWSoftware\Sandcastle Help File Builder\PresentationStyles\VS2010\icons\protclass.gif -&gt; C:\Users\snowdaily\Documents\Visual Studio 2012\Projects\WebSite1\Help\Working\Output\HtmlHelp1\icons\protclass.gif
C:\Program Files (x86)\EWSoftware\Sandcastle Help File Builder\PresentationStyles\VS2010\icons\protdelegate.gif -&gt; C:\Users\snowdaily\Documents\Visual Studio 2012\Projects\WebSite1\Help\Working\Output\HtmlHelp1\icons\protdelegate.gif
C:\Program Files (x86)\EWSoftware\Sandcastle Help File Builder\PresentationStyles\VS2010\icons\protenumeration.gif -&gt; C:\Users\snowdaily\Documents\Visual Studio 2012\Projects\WebSite1\Help\Working\Output\HtmlHelp1\icons\protenumeration.gif
C:\Program Files (x86)\EWSoftware\Sandcastle Help File Builder\PresentationStyles\VS2010\icons\protevent.gif -&gt; C:\Users\snowdaily\Documents\Visual Studio 2012\Projects\WebSite1\Help\Working\Output\HtmlHelp1\icons\protevent.gif
C:\Program Files (x86)\EWSoftware\Sandcastle Help File Builder\PresentationStyles\VS2010\icons\protextension.gif -&gt; C:\Users\snowdaily\Documents\Visual Studio 2012\Projects\WebSite1\Help\Working\Output\HtmlHelp1\icons\protextension.gif
C:\Program Files (x86)\EWSoftware\Sandcastle Help File Builder\PresentationStyles\VS2010\icons\protfield.gif -&gt; C:\Users\snowdaily\Documents\Visual Studio 2012\Projects\WebSite1\Help\Working\Output\HtmlHelp1\icons\protfield.gif
C:\Program Files (x86)\EWSoftware\Sandcastle Help File Builder\PresentationStyles\VS2010\icons\protinterface.gif -&gt; C:\Users\snowdaily\Documents\Visual Studio 2012\Projects\WebSite1\Help\Working\Output\HtmlHelp1\icons\protinterface.gif
C:\Program Files (x86)\EWSoftware\Sandcastle Help File Builder\PresentationStyles\VS2010\icons\protmethod.gif -&gt; C:\Users\snowdaily\Documents\Visual Studio 2012\Projects\WebSite1\Help\Working\Output\HtmlHelp1\icons\protmethod.gif
C:\Program Files (x86)\EWSoftware\Sandcastle Help File Builder\PresentationStyles\VS2010\icons\protoperator.gif -&gt; C:\Users\snowdaily\Documents\Visual Studio 2012\Projects\WebSite1\Help\Working\Output\HtmlHelp1\icons\protoperator.gif
C:\Program Files (x86)\EWSoftware\Sandcastle Help File Builder\PresentationStyles\VS2010\icons\protproperty.gif -&gt; C:\Users\snowdaily\Documents\Visual Studio 2012\Projects\WebSite1\Help\Working\Output\HtmlHelp1\icons\protproperty.gif
C:\Program Files (x86)\EWSoftware\Sandcastle Help File Builder\PresentationStyles\VS2010\icons\protstructure.gif -&gt; C:\Users\snowdaily\Documents\Visual Studio 2012\Projects\WebSite1\Help\Working\Output\HtmlHelp1\icons\protstructure.gif
C:\Program Files (x86)\EWSoftware\Sandcastle Help File Builder\PresentationStyles\VS2010\icons\pubclass.gif -&gt; C:\Users\snowdaily\Documents\Visual Studio 2012\Projects\WebSite1\Help\Working\Output\HtmlHelp1\icons\pubclass.gif
C:\Program Files (x86)\EWSoftware\Sandcastle Help File Builder\PresentationStyles\VS2010\icons\pubdelegate.gif -&gt; C:\Users\snowdaily\Documents\Visual Studio 2012\Projects\WebSite1\Help\Working\Output\HtmlHelp1\icons\pubdelegate.gif
C:\Program Files (x86)\EWSoftware\Sandcastle Help File Builder\PresentationStyles\VS2010\icons\pubenumeration.gif -&gt; C:\Users\snowdaily\Documents\Visual Studio 2012\Projects\WebSite1\Help\Working\Output\HtmlHelp1\icons\pubenumeration.gif
C:\Program Files (x86)\EWSoftware\Sandcastle Help File Builder\PresentationStyles\VS2010\icons\pubevent.gif -&gt; C:\Users\snowdaily\Documents\Visual Studio 2012\Projects\WebSite1\Help\Working\Output\HtmlHelp1\icons\pubevent.gif
C:\Program Files (x86)\EWSoftware\Sandcastle Help File Builder\PresentationStyles\VS2010\icons\pubextension.gif -&gt; C:\Users\snowdaily\Documents\Visual Studio 2012\Projects\WebSite1\Help\Working\Output\HtmlHelp1\icons\pubextension.gif
C:\Program Files (x86)\EWSoftware\Sandcastle Help File Builder\PresentationStyles\VS2010\icons\pubfield.gif -&gt; C:\Users\snowdaily\Documents\Visual Studio 2012\Projects\WebSite1\Help\Working\Output\HtmlHelp1\icons\pubfield.gif
C:\Program Files (x86)\EWSoftware\Sandcastle Help File Builder\PresentationStyles\VS2010\icons\pubinterface.gif -&gt; C:\Users\snowdaily\Documents\Visual Studio 2012\Projects\WebSite1\Help\Working\Output\HtmlHelp1\icons\pubinterface.gif
C:\Program Files (x86)\EWSoftware\Sandcastle Help File Builder\PresentationStyles\VS2010\icons\pubmethod.gif -&gt; C:\Users\snowdaily\Documents\Visual Studio 2012\Projects\WebSite1\Help\Working\Output\HtmlHelp1\icons\pubmethod.gif
C:\Program Files (x86)\EWSoftware\Sandcastle Help File Builder\PresentationStyles\VS2010\icons\puboperator.gif -&gt; C:\Users\snowdaily\Documents\Visual Studio 2012\Projects\WebSite1\Help\Working\Output\HtmlHelp1\icons\puboperator.gif
C:\Program Files (x86)\EWSoftware\Sandcastle Help File Builder\PresentationStyles\VS2010\icons\pubproperty.gif -&gt; C:\Users\snowdaily\Documents\Visual Studio 2012\Projects\WebSite1\Help\Working\Output\HtmlHelp1\icons\pubproperty.gif
C:\Program Files (x86)\EWSoftware\Sandcastle Help File Builder\PresentationStyles\VS2010\icons\pubstructure.gif -&gt; C:\Users\snowdaily\Documents\Visual Studio 2012\Projects\WebSite1\Help\Working\Output\HtmlHelp1\icons\pubstructure.gif
C:\Program Files (x86)\EWSoftware\Sandcastle Help File Builder\PresentationStyles\VS2010\icons\search.gif -&gt; C:\Users\snowdaily\Documents\Visual Studio 2012\Projects\WebSite1\Help\Working\Output\HtmlHelp1\icons\search.gif
C:\Program Files (x86)\EWSoftware\Sandcastle Help File Builder\PresentationStyles\VS2010\icons\search_bk.gif -&gt; C:\Users\snowdaily\Documents\Visual Studio 2012\Projects\WebSite1\Help\Working\Output\HtmlHelp1\icons\search_bk.gif
C:\Program Files (x86)\EWSoftware\Sandcastle Help File Builder\PresentationStyles\VS2010\icons\security.gif -&gt; C:\Users\snowdaily\Documents\Visual Studio 2012\Projects\WebSite1\Help\Working\Output\HtmlHelp1\icons\security.gif
C:\Program Files (x86)\EWSoftware\Sandcastle Help File Builder\PresentationStyles\VS2010\icons\slMobile.gif -&gt; C:\Users\snowdaily\Documents\Visual Studio 2012\Projects\WebSite1\Help\Working\Output\HtmlHelp1\icons\slMobile.gif
C:\Program Files (x86)\EWSoftware\Sandcastle Help File Builder\PresentationStyles\VS2010\icons\static.gif -&gt; C:\Users\snowdaily\Documents\Visual Studio 2012\Projects\WebSite1\Help\Working\Output\HtmlHelp1\icons\static.gif
C:\Program Files (x86)\EWSoftware\Sandcastle Help File Builder\PresentationStyles\VS2010\icons\tabLeftBG.gif -&gt; C:\Users\snowdaily\Documents\Visual Studio 2012\Projects\WebSite1\Help\Working\Output\HtmlHelp1\icons\tabLeftBG.gif
C:\Program Files (x86)\EWSoftware\Sandcastle Help File Builder\PresentationStyles\VS2010\icons\tabRightBG.gif -&gt; C:\Users\snowdaily\Documents\Visual Studio 2012\Projects\WebSite1\Help\Working\Output\HtmlHelp1\icons\tabRightBG.gif
C:\Program Files (x86)\EWSoftware\Sandcastle Help File Builder\PresentationStyles\VS2010\icons\ui_om_collapse.gif -&gt; C:\Users\snowdaily\Documents\Visual Studio 2012\Projects\WebSite1\Help\Working\Output\HtmlHelp1\icons\ui_om_collapse.gif
C:\Program Files (x86)\EWSoftware\Sandcastle Help File Builder\PresentationStyles\VS2010\icons\ui_om_expand.gif -&gt; C:\Users\snowdaily\Documents\Visual Studio 2012\Projects\WebSite1\Help\Working\Output\HtmlHelp1\icons\ui_om_expand.gif
C:\Program Files (x86)\EWSoftware\Sandcastle Help File Builder\PresentationStyles\VS2010\icons\xna.gif -&gt; C:\Users\snowdaily\Documents\Visual Studio 2012\Projects\WebSite1\Help\Working\Output\HtmlHelp1\icons\xna.gif
C:\Program Files (x86)\EWSoftware\Sandcastle Help File Builder\PresentationStyles\VS2010\scripts\branding.js -&gt; C:\Users\snowdaily\Documents\Visual Studio 2012\Projects\WebSite1\Help\Working\Output\HtmlHelp1\scripts\branding.js
C:\Program Files (x86)\EWSoftware\Sandcastle Help File Builder\PresentationStyles\VS2010\styles\branding-cs-CZ.css -&gt; C:\Users\snowdaily\Documents\Visual Studio 2012\Projects\WebSite1\Help\Working\Output\HtmlHelp1\styles\branding-cs-CZ.css
C:\Program Files (x86)\EWSoftware\Sandcastle Help File Builder\PresentationStyles\VS2010\styles\branding-de-DE.css -&gt; C:\Users\snowdaily\Documents\Visual Studio 2012\Projects\WebSite1\Help\Working\Output\HtmlHelp1\styles\branding-de-DE.css
C:\Program Files (x86)\EWSoftware\Sandcastle Help File Builder\PresentationStyles\VS2010\styles\branding-en-US.css -&gt; C:\Users\snowdaily\Documents\Visual Studio 2012\Projects\WebSite1\Help\Working\Output\HtmlHelp1\styles\branding-en-US.css
C:\Program Files (x86)\EWSoftware\Sandcastle Help File Builder\PresentationStyles\VS2010\styles\branding-es-ES.css -&gt; C:\Users\snowdaily\Documents\Visual Studio 2012\Projects\WebSite1\Help\Working\Output\HtmlHelp1\styles\branding-es-ES.css
C:\Program Files (x86)\EWSoftware\Sandcastle Help File Builder\PresentationStyles\VS2010\styles\branding-fr-FR.css -&gt; C:\Users\snowdaily\Documents\Visual Studio 2012\Projects\WebSite1\Help\Working\Output\HtmlHelp1\styles\branding-fr-FR.css
C:\Program Files (x86)\EWSoftware\Sandcastle Help File Builder\PresentationStyles\VS2010\styles\branding-it-IT.css -&gt; C:\Users\snowdaily\Documents\Visual Studio 2012\Projects\WebSite1\Help\Working\Output\HtmlHelp1\styles\branding-it-IT.css
C:\Program Files (x86)\EWSoftware\Sandcastle Help File Builder\PresentationStyles\VS2010\styles\branding-ja-JP.css -&gt; C:\Users\snowdaily\Documents\Visual Studio 2012\Projects\WebSite1\Help\Working\Output\HtmlHelp1\styles\branding-ja-JP.css
C:\Program Files (x86)\EWSoftware\Sandcastle Help File Builder\PresentationStyles\VS2010\styles\branding-ko-KR.css -&gt; C:\Users\snowdaily\Documents\Visual Studio 2012\Projects\WebSite1\Help\Working\Output\HtmlHelp1\styles\branding-ko-KR.css
C:\Program Files (x86)\EWSoftware\Sandcastle Help File Builder\PresentationStyles\VS2010\styles\branding-pl-PL.css -&gt; C:\Users\snowdaily\Documents\Visual Studio 2012\Projects\WebSite1\Help\Working\Output\HtmlHelp1\styles\branding-pl-PL.css
C:\Program Files (x86)\EWSoftware\Sandcastle Help File Builder\PresentationStyles\VS2010\styles\branding-pt-BR.css -&gt; C:\Users\snowdaily\Documents\Visual Studio 2012\Projects\WebSite1\Help\Working\Output\HtmlHelp1\styles\branding-pt-BR.css
C:\Program Files (x86)\EWSoftware\Sandcastle Help File Builder\PresentationStyles\VS2010\styles\branding-ru-RU.css -&gt; C:\Users\snowdaily\Documents\Visual Studio 2012\Projects\WebSite1\Help\Working\Output\HtmlHelp1\styles\branding-ru-RU.css
C:\Program Files (x86)\EWSoftware\Sandcastle Help File Builder\PresentationStyles\VS2010\styles\branding-tr-TR.css -&gt; C:\Users\snowdaily\Documents\Visual Studio 2012\Projects\WebSite1\Help\Working\Output\HtmlHelp1\styles\branding-tr-TR.css
C:\Program Files (x86)\EWSoftware\Sandcastle Help File Builder\PresentationStyles\VS2010\styles\branding-zh-CN.css -&gt; C:\Users\snowdaily\Documents\Visual Studio 2012\Projects\WebSite1\Help\Working\Output\HtmlHelp1\styles\branding-zh-CN.css
C:\Program Files (x86)\EWSoftware\Sandcastle Help File Builder\PresentationStyles\VS2010\styles\branding-zh-TW.css -&gt; C:\Users\snowdaily\Documents\Visual Studio 2012\Projects\WebSite1\Help\Working\Output\HtmlHelp1\styles\branding-zh-TW.css
C:\Program Files (x86)\EWSoftware\Sandcastle Help File Builder\PresentationStyles\VS2010\styles\branding.css -&gt; C:\Users\snowdaily\Documents\Visual Studio 2012\Projects\WebSite1\Help\Working\Output\HtmlHelp1\styles\branding.css
C:\Program Files (x86)\EWSoftware\Sandcastle Help File Builder\PresentationStyles\VS2010\icons\1_404_bullet.gif -&gt; C:\Users\snowdaily\Documents\Visual Studio 2012\Projects\WebSite1\Help\Working\Output\Website\icons\1_404_bullet.gif
C:\Program Files (x86)\EWSoftware\Sandcastle Help File Builder\PresentationStyles\VS2010\icons\2_404_bullet.gif -&gt; C:\Users\snowdaily\Documents\Visual Studio 2012\Projects\WebSite1\Help\Working\Output\Website\icons\2_404_bullet.gif
C:\Program Files (x86)\EWSoftware\Sandcastle Help File Builder\PresentationStyles\VS2010\icons\alert_caution.gif -&gt; C:\Users\snowdaily\Documents\Visual Studio 2012\Projects\WebSite1\Help\Working\Output\Website\icons\alert_caution.gif
C:\Program Files (x86)\EWSoftware\Sandcastle Help File Builder\PresentationStyles\VS2010\icons\alert_note.gif -&gt; C:\Users\snowdaily\Documents\Visual Studio 2012\Projects\WebSite1\Help\Working\Output\Website\icons\alert_note.gif
C:\Program Files (x86)\EWSoftware\Sandcastle Help File Builder\PresentationStyles\VS2010\icons\alert_security.gif -&gt; C:\Users\snowdaily\Documents\Visual Studio 2012\Projects\WebSite1\Help\Working\Output\Website\icons\alert_security.gif
C:\Program Files (x86)\EWSoftware\Sandcastle Help File Builder\PresentationStyles\VS2010\icons\CFW.gif -&gt; C:\Users\snowdaily\Documents\Visual Studio 2012\Projects\WebSite1\Help\Working\Output\Website\icons\CFW.gif
C:\Program Files (x86)\EWSoftware\Sandcastle Help File Builder\PresentationStyles\VS2010\icons\close.gif -&gt; C:\Users\snowdaily\Documents\Visual Studio 2012\Projects\WebSite1\Help\Working\Output\Website\icons\close.gif
C:\Program Files (x86)\EWSoftware\Sandcastle Help File Builder\PresentationStyles\VS2010\icons\favicon.ico -&gt; C:\Users\snowdaily\Documents\Visual Studio 2012\Projects\WebSite1\Help\Working\Output\Website\icons\favicon.ico
C:\Program Files (x86)\EWSoftware\Sandcastle Help File Builder\PresentationStyles\VS2010\icons\footer_slice.gif -&gt; C:\Users\snowdaily\Documents\Visual Studio 2012\Projects\WebSite1\Help\Working\Output\Website\icons\footer_slice.gif
C:\Program Files (x86)\EWSoftware\Sandcastle Help File Builder\PresentationStyles\VS2010\icons\info_icon.gif -&gt; C:\Users\snowdaily\Documents\Visual Studio 2012\Projects\WebSite1\Help\Working\Output\Website\icons\info_icon.gif
C:\Program Files (x86)\EWSoftware\Sandcastle Help File Builder\PresentationStyles\VS2010\icons\note.gif -&gt; C:\Users\snowdaily\Documents\Visual Studio 2012\Projects\WebSite1\Help\Working\Output\Website\icons\note.gif
C:\Program Files (x86)\EWSoftware\Sandcastle Help File Builder\PresentationStyles\VS2010\icons\online_icon.gif -&gt; C:\Users\snowdaily\Documents\Visual Studio 2012\Projects\WebSite1\Help\Working\Output\Website\icons\online_icon.gif
C:\Program Files (x86)\EWSoftware\Sandcastle Help File Builder\PresentationStyles\VS2010\icons\open.gif -&gt; C:\Users\snowdaily\Documents\Visual Studio 2012\Projects\WebSite1\Help\Working\Output\Website\icons\open.gif
C:\Program Files (x86)\EWSoftware\Sandcastle Help File Builder\PresentationStyles\VS2010\icons\pencil.GIF -&gt; C:\Users\snowdaily\Documents\Visual Studio 2012\Projects\WebSite1\Help\Working\Output\Website\icons\pencil.GIF
C:\Program Files (x86)\EWSoftware\Sandcastle Help File Builder\PresentationStyles\VS2010\icons\privclass.gif -&gt; C:\Users\snowdaily\Documents\Visual Studio 2012\Projects\WebSite1\Help\Working\Output\Website\icons\privclass.gif
C:\Program Files (x86)\EWSoftware\Sandcastle Help File Builder\PresentationStyles\VS2010\icons\privdelegate.gif -&gt; C:\Users\snowdaily\Documents\Visual Studio 2012\Projects\WebSite1\Help\Working\Output\Website\icons\privdelegate.gif
C:\Program Files (x86)\EWSoftware\Sandcastle Help File Builder\PresentationStyles\VS2010\icons\privenumeration.gif -&gt; C:\Users\snowdaily\Documents\Visual Studio 2012\Projects\WebSite1\Help\Working\Output\Website\icons\privenumeration.gif
C:\Program Files (x86)\EWSoftware\Sandcastle Help File Builder\PresentationStyles\VS2010\icons\privevent.gif -&gt; C:\Users\snowdaily\Documents\Visual Studio 2012\Projects\WebSite1\Help\Working\Output\Website\icons\privevent.gif
C:\Program Files (x86)\EWSoftware\Sandcastle Help File Builder\PresentationStyles\VS2010\icons\privextension.gif -&gt; C:\Users\snowdaily\Documents\Visual Studio 2012\Projects\WebSite1\Help\Working\Output\Website\icons\privextension.gif
C:\Program Files (x86)\EWSoftware\Sandcastle Help File Builder\PresentationStyles\VS2010\icons\privfield.gif -&gt; C:\Users\snowdaily\Documents\Visual Studio 2012\Projects\WebSite1\Help\Working\Output\Website\icons\privfield.gif
C:\Program Files (x86)\EWSoftware\Sandcastle Help File Builder\PresentationStyles\VS2010\icons\privinterface.gif -&gt; C:\Users\snowdaily\Documents\Visual Studio 2012\Projects\WebSite1\Help\Working\Output\Website\icons\privinterface.gif
C:\Program Files (x86)\EWSoftware\Sandcastle Help File Builder\PresentationStyles\VS2010\icons\privmethod.gif -&gt; C:\Users\snowdaily\Documents\Visual Studio 2012\Projects\WebSite1\Help\Working\Output\Website\icons\privmethod.gif
C:\Program Files (x86)\EWSoftware\Sandcastle Help File Builder\PresentationStyles\VS2010\icons\privproperty.gif -&gt; C:\Users\snowdaily\Documents\Visual Studio 2012\Projects\WebSite1\Help\Working\Output\Website\icons\privproperty.gif
C:\Program Files (x86)\EWSoftware\Sandcastle Help File Builder\PresentationStyles\VS2010\icons\privstructure.gif -&gt; C:\Users\snowdaily\Documents\Visual Studio 2012\Projects\WebSite1\Help\Working\Output\Website\icons\privstructure.gif
C:\Program Files (x86)\EWSoftware\Sandcastle Help File Builder\PresentationStyles\VS2010\icons\protclass.gif -&gt; C:\Users\snowdaily\Documents\Visual Studio 2012\Projects\WebSite1\Help\Working\Output\Website\icons\protclass.gif
C:\Program Files (x86)\EWSoftware\Sandcastle Help File Builder\PresentationStyles\VS2010\icons\protdelegate.gif -&gt; C:\Users\snowdaily\Documents\Visual Studio 2012\Projects\WebSite1\Help\Working\Output\Website\icons\protdelegate.gif
C:\Program Files (x86)\EWSoftware\Sandcastle Help File Builder\PresentationStyles\VS2010\icons\protenumeration.gif -&gt; C:\Users\snowdaily\Documents\Visual Studio 2012\Projects\WebSite1\Help\Working\Output\Website\icons\protenumeration.gif
C:\Program Files (x86)\EWSoftware\Sandcastle Help File Builder\PresentationStyles\VS2010\icons\protevent.gif -&gt; C:\Users\snowdaily\Documents\Visual Studio 2012\Projects\WebSite1\Help\Working\Output\Website\icons\protevent.gif
C:\Program Files (x86)\EWSoftware\Sandcastle Help File Builder\PresentationStyles\VS2010\icons\protextension.gif -&gt; C:\Users\snowdaily\Documents\Visual Studio 2012\Projects\WebSite1\Help\Working\Output\Website\icons\protextension.gif
C:\Program Files (x86)\EWSoftware\Sandcastle Help File Builder\PresentationStyles\VS2010\icons\protfield.gif -&gt; C:\Users\snowdaily\Documents\Visual Studio 2012\Projects\WebSite1\Help\Working\Output\Website\icons\protfield.gif
C:\Program Files (x86)\EWSoftware\Sandcastle Help File Builder\PresentationStyles\VS2010\icons\protinterface.gif -&gt; C:\Users\snowdaily\Documents\Visual Studio 2012\Projects\WebSite1\Help\Working\Output\Website\icons\protinterface.gif
C:\Program Files (x86)\EWSoftware\Sandcastle Help File Builder\PresentationStyles\VS2010\icons\protmethod.gif -&gt; C:\Users\snowdaily\Documents\Visual Studio 2012\Projects\WebSite1\Help\Working\Output\Website\icons\protmethod.gif
C:\Program Files (x86)\EWSoftware\Sandcastle Help File Builder\PresentationStyles\VS2010\icons\protoperator.gif -&gt; C:\Users\snowdaily\Documents\Visual Studio 2012\Projects\WebSite1\Help\Working\Output\Website\icons\protoperator.gif
C:\Program Files (x86)\EWSoftware\Sandcastle Help File Builder\PresentationStyles\VS2010\icons\protproperty.gif -&gt; C:\Users\snowdaily\Documents\Visual Studio 2012\Projects\WebSite1\Help\Working\Output\Website\icons\protproperty.gif
C:\Program Files (x86)\EWSoftware\Sandcastle Help File Builder\PresentationStyles\VS2010\icons\protstructure.gif -&gt; C:\Users\snowdaily\Documents\Visual Studio 2012\Projects\WebSite1\Help\Working\Output\Website\icons\protstructure.gif
C:\Program Files (x86)\EWSoftware\Sandcastle Help File Builder\PresentationStyles\VS2010\icons\pubclass.gif -&gt; C:\Users\snowdaily\Documents\Visual Studio 2012\Projects\WebSite1\Help\Working\Output\Website\icons\pubclass.gif
C:\Program Files (x86)\EWSoftware\Sandcastle Help File Builder\PresentationStyles\VS2010\icons\pubdelegate.gif -&gt; C:\Users\snowdaily\Documents\Visual Studio 2012\Projects\WebSite1\Help\Working\Output\Website\icons\pubdelegate.gif
C:\Program Files (x86)\EWSoftware\Sandcastle Help File Builder\PresentationStyles\VS2010\icons\pubenumeration.gif -&gt; C:\Users\snowdaily\Documents\Visual Studio 2012\Projects\WebSite1\Help\Working\Output\Website\icons\pubenumeration.gif
C:\Program Files (x86)\EWSoftware\Sandcastle Help File Builder\PresentationStyles\VS2010\icons\pubevent.gif -&gt; C:\Users\snowdaily\Documents\Visual Studio 2012\Projects\WebSite1\Help\Working\Output\Website\icons\pubevent.gif
C:\Program Files (x86)\EWSoftware\Sandcastle Help File Builder\PresentationStyles\VS2010\icons\pubextension.gif -&gt; C:\Users\snowdaily\Documents\Visual Studio 2012\Projects\WebSite1\Help\Working\Output\Website\icons\pubextension.gif
C:\Program Files (x86)\EWSoftware\Sandcastle Help File Builder\PresentationStyles\VS2010\icons\pubfield.gif -&gt; C:\Users\snowdaily\Documents\Visual Studio 2012\Projects\WebSite1\Help\Working\Output\Website\icons\pubfield.gif
C:\Program Files (x86)\EWSoftware\Sandcastle Help File Builder\PresentationStyles\VS2010\icons\pubinterface.gif -&gt; C:\Users\snowdaily\Documents\Visual Studio 2012\Projects\WebSite1\Help\Working\Output\Website\icons\pubinterface.gif
C:\Program Files (x86)\EWSoftware\Sandcastle Help File Builder\PresentationStyles\VS2010\icons\pubmethod.gif -&gt; C:\Users\snowdaily\Documents\Visual Studio 2012\Projects\WebSite1\Help\Working\Output\Website\icons\pubmethod.gif
C:\Program Files (x86)\EWSoftware\Sandcastle Help File Builder\PresentationStyles\VS2010\icons\puboperator.gif -&gt; C:\Users\snowdaily\Documents\Visual Studio 2012\Projects\WebSite1\Help\Working\Output\Website\icons\puboperator.gif
C:\Program Files (x86)\EWSoftware\Sandcastle Help File Builder\PresentationStyles\VS2010\icons\pubproperty.gif -&gt; C:\Users\snowdaily\Documents\Visual Studio 2012\Projects\WebSite1\Help\Working\Output\Website\icons\pubproperty.gif
C:\Program Files (x86)\EWSoftware\Sandcastle Help File Builder\PresentationStyles\VS2010\icons\pubstructure.gif -&gt; C:\Users\snowdaily\Documents\Visual Studio 2012\Projects\WebSite1\Help\Working\Output\Website\icons\pubstructure.gif
C:\Program Files (x86)\EWSoftware\Sandcastle Help File Builder\PresentationStyles\VS2010\icons\search.gif -&gt; C:\Users\snowdaily\Documents\Visual Studio 2012\Projects\WebSite1\Help\Working\Output\Website\icons\search.gif
C:\Program Files (x86)\EWSoftware\Sandcastle Help File Builder\PresentationStyles\VS2010\icons\search_bk.gif -&gt; C:\Users\snowdaily\Documents\Visual Studio 2012\Projects\WebSite1\Help\Working\Output\Website\icons\search_bk.gif
C:\Program Files (x86)\EWSoftware\Sandcastle Help File Builder\PresentationStyles\VS2010\icons\security.gif -&gt; C:\Users\snowdaily\Documents\Visual Studio 2012\Projects\WebSite1\Help\Working\Output\Website\icons\security.gif
C:\Program Files (x86)\EWSoftware\Sandcastle Help File Builder\PresentationStyles\VS2010\icons\slMobile.gif -&gt; C:\Users\snowdaily\Documents\Visual Studio 2012\Projects\WebSite1\Help\Working\Output\Website\icons\slMobile.gif
C:\Program Files (x86)\EWSoftware\Sandcastle Help File Builder\PresentationStyles\VS2010\icons\static.gif -&gt; C:\Users\snowdaily\Documents\Visual Studio 2012\Projects\WebSite1\Help\Working\Output\Website\icons\static.gif
C:\Program Files (x86)\EWSoftware\Sandcastle Help File Builder\PresentationStyles\VS2010\icons\tabLeftBG.gif -&gt; C:\Users\snowdaily\Documents\Visual Studio 2012\Projects\WebSite1\Help\Working\Output\Website\icons\tabLeftBG.gif
C:\Program Files (x86)\EWSoftware\Sandcastle Help File Builder\PresentationStyles\VS2010\icons\tabRightBG.gif -&gt; C:\Users\snowdaily\Documents\Visual Studio 2012\Projects\WebSite1\Help\Working\Output\Website\icons\tabRightBG.gif
C:\Program Files (x86)\EWSoftware\Sandcastle Help File Builder\PresentationStyles\VS2010\icons\ui_om_collapse.gif -&gt; C:\Users\snowdaily\Documents\Visual Studio 2012\Projects\WebSite1\Help\Working\Output\Website\icons\ui_om_collapse.gif
C:\Program Files (x86)\EWSoftware\Sandcastle Help File Builder\PresentationStyles\VS2010\icons\ui_om_expand.gif -&gt; C:\Users\snowdaily\Documents\Visual Studio 2012\Projects\WebSite1\Help\Working\Output\Website\icons\ui_om_expand.gif
C:\Program Files (x86)\EWSoftware\Sandcastle Help File Builder\PresentationStyles\VS2010\icons\xna.gif -&gt; C:\Users\snowdaily\Documents\Visual Studio 2012\Projects\WebSite1\Help\Working\Output\Website\icons\xna.gif
C:\Program Files (x86)\EWSoftware\Sandcastle Help File Builder\PresentationStyles\VS2010\scripts\branding.js -&gt; C:\Users\snowdaily\Documents\Visual Studio 2012\Projects\WebSite1\Help\Working\Output\Website\scripts\branding.js
C:\Program Files (x86)\EWSoftware\Sandcastle Help File Builder\PresentationStyles\VS2010\styles\branding-cs-CZ.css -&gt; C:\Users\snowdaily\Documents\Visual Studio 2012\Projects\WebSite1\Help\Working\Output\Website\styles\branding-cs-CZ.css
C:\Program Files (x86)\EWSoftware\Sandcastle Help File Builder\PresentationStyles\VS2010\styles\branding-de-DE.css -&gt; C:\Users\snowdaily\Documents\Visual Studio 2012\Projects\WebSite1\Help\Working\Output\Website\styles\branding-de-DE.css
C:\Program Files (x86)\EWSoftware\Sandcastle Help File Builder\PresentationStyles\VS2010\styles\branding-en-US.css -&gt; C:\Users\snowdaily\Documents\Visual Studio 2012\Projects\WebSite1\Help\Working\Output\Website\styles\branding-en-US.css
C:\Program Files (x86)\EWSoftware\Sandcastle Help File Builder\PresentationStyles\VS2010\styles\branding-es-ES.css -&gt; C:\Users\snowdaily\Documents\Visual Studio 2012\Projects\WebSite1\Help\Working\Output\Website\styles\branding-es-ES.css
C:\Program Files (x86)\EWSoftware\Sandcastle Help File Builder\PresentationStyles\VS2010\styles\branding-fr-FR.css -&gt; C:\Users\snowdaily\Documents\Visual Studio 2012\Projects\WebSite1\Help\Working\Output\Website\styles\branding-fr-FR.css
C:\Program Files (x86)\EWSoftware\Sandcastle Help File Builder\PresentationStyles\VS2010\styles\branding-it-IT.css -&gt; C:\Users\snowdaily\Documents\Visual Studio 2012\Projects\WebSite1\Help\Working\Output\Website\styles\branding-it-IT.css
C:\Program Files (x86)\EWSoftware\Sandcastle Help File Builder\PresentationStyles\VS2010\styles\branding-ja-JP.css -&gt; C:\Users\snowdaily\Documents\Visual Studio 2012\Projects\WebSite1\Help\Working\Output\Website\styles\branding-ja-JP.css
C:\Program Files (x86)\EWSoftware\Sandcastle Help File Builder\PresentationStyles\VS2010\styles\branding-ko-KR.css -&gt; C:\Users\snowdaily\Documents\Visual Studio 2012\Projects\WebSite1\Help\Working\Output\Website\styles\branding-ko-KR.css
C:\Program Files (x86)\EWSoftware\Sandcastle Help File Builder\PresentationStyles\VS2010\styles\branding-pl-PL.css -&gt; C:\Users\snowdaily\Documents\Visual Studio 2012\Projects\WebSite1\Help\Working\Output\Website\styles\branding-pl-PL.css
C:\Program Files (x86)\EWSoftware\Sandcastle Help File Builder\PresentationStyles\VS2010\styles\branding-pt-BR.css -&gt; C:\Users\snowdaily\Documents\Visual Studio 2012\Projects\WebSite1\Help\Working\Output\Website\styles\branding-pt-BR.css
C:\Program Files (x86)\EWSoftware\Sandcastle Help File Builder\PresentationStyles\VS2010\styles\branding-ru-RU.css -&gt; C:\Users\snowdaily\Documents\Visual Studio 2012\Projects\WebSite1\Help\Working\Output\Website\styles\branding-ru-RU.css
C:\Program Files (x86)\EWSoftware\Sandcastle Help File Builder\PresentationStyles\VS2010\styles\branding-tr-TR.css -&gt; C:\Users\snowdaily\Documents\Visual Studio 2012\Projects\WebSite1\Help\Working\Output\Website\styles\branding-tr-TR.css
C:\Program Files (x86)\EWSoftware\Sandcastle Help File Builder\PresentationStyles\VS2010\styles\branding-zh-CN.css -&gt; C:\Users\snowdaily\Documents\Visual Studio 2012\Projects\WebSite1\Help\Working\Output\Website\styles\branding-zh-CN.css
C:\Program Files (x86)\EWSoftware\Sandcastle Help File Builder\PresentationStyles\VS2010\styles\branding-zh-TW.css -&gt; C:\Users\snowdaily\Documents\Visual Studio 2012\Projects\WebSite1\Help\Working\Output\Website\styles\branding-zh-TW.css
C:\Program Files (x86)\EWSoftware\Sandcastle Help File Builder\PresentationStyles\VS2010\styles\branding.css -&gt; C:\Users\snowdaily\Documents\Visual Studio 2012\Projects\WebSite1\Help\Working\Output\Website\styles\branding.css
C:\Program Files (x86)\EWSoftware\Sandcastle Help File Builder\\Web\CloseSearch.png -&gt; C:\Users\snowdaily\Documents\Visual Studio 2012\Projects\WebSite1\Help\Working\Output\Website\.\CloseSearch.png
C:\Program Files (x86)\EWSoftware\Sandcastle Help File Builder\\Web\CollapseAll.png -&gt; C:\Users\snowdaily\Documents\Visual Studio 2012\Projects\WebSite1\Help\Working\Output\Website\.\CollapseAll.png
C:\Program Files (x86)\EWSoftware\Sandcastle Help File Builder\\Web\Collapsed.gif -&gt; C:\Users\snowdaily\Documents\Visual Studio 2012\Projects\WebSite1\Help\Working\Output\Website\.\Collapsed.gif
C:\Program Files (x86)\EWSoftware\Sandcastle Help File Builder\\Web\Expanded.gif -&gt; C:\Users\snowdaily\Documents\Visual Studio 2012\Projects\WebSite1\Help\Working\Output\Website\.\Expanded.gif
C:\Program Files (x86)\EWSoftware\Sandcastle Help File Builder\\Web\favicon.ico -&gt; C:\Users\snowdaily\Documents\Visual Studio 2012\Projects\WebSite1\Help\Working\Output\Website\.\favicon.ico
C:\Program Files (x86)\EWSoftware\Sandcastle Help File Builder\\Web\FillNode.aspx -&gt; C:\Users\snowdaily\Documents\Visual Studio 2012\Projects\WebSite1\Help\Working\Output\Website\.\FillNode.aspx
C:\Program Files (x86)\EWSoftware\Sandcastle Help File Builder\\Web\FillNode.php -&gt; C:\Users\snowdaily\Documents\Visual Studio 2012\Projects\WebSite1\Help\Working\Output\Website\.\FillNode.php
C:\Program Files (x86)\EWSoftware\Sandcastle Help File Builder\\Web\Index.aspx -&gt; C:\Users\snowdaily\Documents\Visual Studio 2012\Projects\WebSite1\Help\Working\Output\Website\.\Index.aspx
C:\Program Files (x86)\EWSoftware\Sandcastle Help File Builder\\Web\Index.gif -&gt; C:\Users\snowdaily\Documents\Visual Studio 2012\Projects\WebSite1\Help\Working\Output\Website\.\Index.gif
C:\Program Files (x86)\EWSoftware\Sandcastle Help File Builder\\Web\index.html -&gt; C:\Users\snowdaily\Documents\Visual Studio 2012\Projects\WebSite1\Help\Working\Output\Website\.\index.html
C:\Program Files (x86)\EWSoftware\Sandcastle Help File Builder\\Web\index.php -&gt; C:\Users\snowdaily\Documents\Visual Studio 2012\Projects\WebSite1\Help\Working\Output\Website\.\index.php
C:\Program Files (x86)\EWSoftware\Sandcastle Help File Builder\\Web\Item.gif -&gt; C:\Users\snowdaily\Documents\Visual Studio 2012\Projects\WebSite1\Help\Working\Output\Website\.\Item.gif
C:\Program Files (x86)\EWSoftware\Sandcastle Help File Builder\\Web\LoadIndexKeywords.aspx -&gt; C:\Users\snowdaily\Documents\Visual Studio 2012\Projects\WebSite1\Help\Working\Output\Website\.\LoadIndexKeywords.aspx
C:\Program Files (x86)\EWSoftware\Sandcastle Help File Builder\\Web\LoadIndexKeywords.php -&gt; C:\Users\snowdaily\Documents\Visual Studio 2012\Projects\WebSite1\Help\Working\Output\Website\.\LoadIndexKeywords.php
C:\Program Files (x86)\EWSoftware\Sandcastle Help File Builder\\Web\Search.gif -&gt; C:\Users\snowdaily\Documents\Visual Studio 2012\Projects\WebSite1\Help\Working\Output\Website\.\Search.gif
C:\Program Files (x86)\EWSoftware\Sandcastle Help File Builder\\Web\SearchHelp.aspx -&gt; C:\Users\snowdaily\Documents\Visual Studio 2012\Projects\WebSite1\Help\Working\Output\Website\.\SearchHelp.aspx
C:\Program Files (x86)\EWSoftware\Sandcastle Help File Builder\\Web\SearchHelp.inc.php -&gt; C:\Users\snowdaily\Documents\Visual Studio 2012\Projects\WebSite1\Help\Working\Output\Website\.\SearchHelp.inc.php
C:\Program Files (x86)\EWSoftware\Sandcastle Help File Builder\\Web\SearchHelp.php -&gt; C:\Users\snowdaily\Documents\Visual Studio 2012\Projects\WebSite1\Help\Working\Output\Website\.\SearchHelp.php
C:\Program Files (x86)\EWSoftware\Sandcastle Help File Builder\\Web\Splitter.gif -&gt; C:\Users\snowdaily\Documents\Visual Studio 2012\Projects\WebSite1\Help\Working\Output\Website\.\Splitter.gif
C:\Program Files (x86)\EWSoftware\Sandcastle Help File Builder\\Web\SyncTOC.gif -&gt; C:\Users\snowdaily\Documents\Visual Studio 2012\Projects\WebSite1\Help\Working\Output\Website\.\SyncTOC.gif
C:\Program Files (x86)\EWSoftware\Sandcastle Help File Builder\\Web\TOC.css -&gt; C:\Users\snowdaily\Documents\Visual Studio 2012\Projects\WebSite1\Help\Working\Output\Website\.\TOC.css
C:\Program Files (x86)\EWSoftware\Sandcastle Help File Builder\\Web\TOC.js -&gt; C:\Users\snowdaily\Documents\Visual Studio 2012\Projects\WebSite1\Help\Working\Output\Website\.\TOC.js
C:\Program Files (x86)\EWSoftware\Sandcastle Help File Builder\\Web\Web.Config -&gt; C:\Users\snowdaily\Documents\Visual Studio 2012\Projects\WebSite1\Help\Working\Output\Website\.\Web.Config
    Last step completed in 00:00:01.5001
</buildStep>
<buildStep step="GenerateHelpFormatTableOfContents">
Generating HTML Help 1 table of contents file...
    Last step completed in 00:00:00.0030
</buildStep>
<buildStep step="GenerateHelpFileIndex">
Generating HTML Help 1 index file...
    Last step completed in 00:00:00.0010
</buildStep>
<buildStep step="GenerateHelpProject">
Generating HTML Help 1 project file...
    Last step completed in 00:00:00.0080
</buildStep>
<buildStep step="CompilingHelpFile">
Compiling HTML Help 1 file...
[c:\Windows\Microsoft.NET\Framework64\v4.0.30319\MSBuild.exe]
  Microsoft HTML Help Compiler 4.74.8702
  
  
  
  Compiling c:\Users\snowdaily\Documents\Visual Studio 2012\Projects\WebSite1\Help\Working\Output\HtmlHelp1\Documentation.chm
  
  
  
  
  
  Compile time: 0 minutes, 0 seconds
  
  113	Topics
  
  1,196	Local links
  
  12	Internet links
  
  0	Graphics
  
  
  
  
  
  Created c:\Users\snowdaily\Documents\Visual Studio 2012\Projects\WebSite1\Help\Working\Output\HtmlHelp1\Documentation.chm, 133,859 bytes
  
  Compression decreased file by 625,600 bytes.
  
    Last step completed in 00:00:01.0941
</buildStep>
<buildStep step="GenerateHelpFormatTableOfContents">
Generating website table of contents file...
    Last step completed in 00:00:00.0050
</buildStep>
<buildStep step="GenerateFullTextIndex">
Generating full-text index for the website...

    Last step completed in 00:00:00.2570
</buildStep>
<buildStep step="CopyingWebsiteFiles">
Copying website files to output folder...

Copied 100 files
Copied 200 files
Copied 265 files for the website content
    Last step completed in 00:00:00.1450
</buildStep>
<buildStep step="CleanIntermediates">
Removing intermediate files...
    Last step completed in 00:00:00.9561
</buildStep>
<buildStep step="Completed">

Build completed successfully at 04/17/2014 12:00 下午.  Total time: 00:01:22.3887

</buildStep>
</shfbBuild>
